therapsy_edit_excel_poc/build/app/intermediates/manifest_merge_blame_file/debug/manifest-merger-blame-debug-report.txt
1<?xml version="1.0" encoding="utf-8"?>
2<manifest xmlns:android="http://schemas.android.com/apk/res/android"
3    package="com.example.therapsy_edit_excel_poc"
4    android:versionCode="1"
5    android:versionName="1.0.0" >
6
7    <uses-sdk
8        android:minSdkVersion="21"
9        android:targetSdkVersion="34" />
10    <!--
11         The INTERNET permission is required for development. Specifically,
12         the Flutter tool needs it to communicate with the running application
13         to allow setting breakpoints, to provide hot reload, etc.
14    -->
15    <uses-permission android:name="android.permission.INTERNET" />
15-->src/debug/AndroidManifest.xml:6:5-66
15-->src/debug/AndroidManifest.xml:6:22-64
16    <!--
17     Required to query activities that can process text, see:
18         https://developer.android.com/training/package-visibility and
19         https://developer.android.com/reference/android/content/Intent#ACTION_PROCESS_TEXT.
20
21         In particular, this is used by the Flutter engine in io.flutter.plugin.text.ProcessTextPlugin.
22    -->
23    <queries>
23-->src/main/AndroidManifest.xml:39:5-44:15
24        <intent>
24-->src/main/AndroidManifest.xml:40:9-43:18
25            <action android:name="android.intent.action.PROCESS_TEXT" />
25-->src/main/AndroidManifest.xml:41:13-72
25-->src/main/AndroidManifest.xml:41:21-70
26
27            <data android:mimeType="text/plain" />
27-->src/main/AndroidManifest.xml:42:13-50
27-->src/main/AndroidManifest.xml:42:19-48
28        </intent>
29        <intent>
29-->[:file_picker] AndroidManifest.xml:8:9-12:18
30            <action android:name="android.intent.action.GET_CONTENT" />
30-->[:file_picker] AndroidManifest.xml:9:13-72
30-->[:file_picker] AndroidManifest.xml:9:21-69
31
32            <data android:mimeType="*/*" />
32-->src/main/AndroidManifest.xml:42:13-50
32-->src/main/AndroidManifest.xml:42:19-48
33        </intent>
34    </queries>
35
36    <permission
36-->[androidx.core:core:1.13.1] AndroidManifest.xml:22:5-24:47
37        android:name="com.example.therapsy_edit_excel_poc.DYNAMIC_RECEIVER_NOT_EXPORTED_PERMISSION"
37-->[androidx.core:core:1.13.1] AndroidManifest.xml:23:9-81
38        android:protectionLevel="signature" />
38-->[androidx.core:core:1.13.1] AndroidManifest.xml:24:9-44
39
40    <uses-permission android:name="com.example.therapsy_edit_excel_poc.DYNAMIC_RECEIVER_NOT_EXPORTED_PERMISSION" />
40-->[androidx.core:core:1.13.1] AndroidManifest.xml:26:5-97
40-->[androidx.core:core:1.13.1] AndroidManifest.xml:26:22-94
41
42    <application
43        android:name="android.app.Application"
44        android:appComponentFactory="androidx.core.app.CoreComponentFactory"
44-->[androidx.core:core:1.13.1] AndroidManifest.xml:28:18-86
45        android:debuggable="true"
46        android:extractNativeLibs="true"
47        android:icon="@mipmap/ic_launcher"
48        android:label="therapsy_edit_excel_poc"
49        android:testOnly="true" >
50        <activity
51            android:name="com.example.therapsy_edit_excel_poc.MainActivity"
52            android:configChanges="orientation|keyboardHidden|keyboard|screenSize|smallestScreenSize|locale|layoutDirection|fontScale|screenLayout|density|uiMode"
53            android:exported="true"
54            android:hardwareAccelerated="true"
55            android:launchMode="singleTop"
56            android:taskAffinity=""
57            android:theme="@style/LaunchTheme"
58            android:windowSoftInputMode="adjustResize" >
59
60            <!--
61                 Specifies an Android theme to apply to this Activity as soon as
62                 the Android process has started. This theme is visible to the user
63                 while the Flutter UI initializes. After that, this theme continues
64                 to determine the Window background behind the Flutter UI.
65            -->
66            <meta-data
67                android:name="io.flutter.embedding.android.NormalTheme"
68                android:resource="@style/NormalTheme" />
69
70            <intent-filter>
71                <action android:name="android.intent.action.MAIN" />
72
73                <category android:name="android.intent.category.LAUNCHER" />
74            </intent-filter>
75        </activity>
76        <!--
77             Don't delete the meta-data below.
78             This is used by the Flutter tool to generate GeneratedPluginRegistrant.java
79        -->
80        <meta-data
81            android:name="flutterEmbedding"
82            android:value="2" />
83
84        <provider
84-->[:image_picker_android] AndroidManifest.xml:9:9-17:20
85            android:name="io.flutter.plugins.imagepicker.ImagePickerFileProvider"
85-->[:image_picker_android] AndroidManifest.xml:10:13-82
86            android:authorities="com.example.therapsy_edit_excel_poc.flutter.image_provider"
86-->[:image_picker_android] AndroidManifest.xml:11:13-74
87            android:exported="false"
87-->[:image_picker_android] AndroidManifest.xml:12:13-37
88            android:grantUriPermissions="true" >
88-->[:image_picker_android] AndroidManifest.xml:13:13-47
89            <meta-data
89-->[:image_picker_android] AndroidManifest.xml:14:13-16:75
90                android:name="android.support.FILE_PROVIDER_PATHS"
90-->[:image_picker_android] AndroidManifest.xml:15:17-67
91                android:resource="@xml/flutter_image_picker_file_paths" />
91-->[:image_picker_android] AndroidManifest.xml:16:17-72
92        </provider> <!-- Trigger Google Play services to install the backported photo picker module. -->
93        <service
93-->[:image_picker_android] AndroidManifest.xml:19:9-31:19
94            android:name="com.google.android.gms.metadata.ModuleDependencies"
94-->[:image_picker_android] AndroidManifest.xml:20:13-78
95            android:enabled="false"
95-->[:image_picker_android] AndroidManifest.xml:21:13-36
96            android:exported="false" >
96-->[:image_picker_android] AndroidManifest.xml:22:13-37
97            <intent-filter>
97-->[:image_picker_android] AndroidManifest.xml:24:13-26:29
98                <action android:name="com.google.android.gms.metadata.MODULE_DEPENDENCIES" />
98-->[:image_picker_android] AndroidManifest.xml:25:17-94
98-->[:image_picker_android] AndroidManifest.xml:25:25-91
99            </intent-filter>
100
101            <meta-data
101-->[:image_picker_android] AndroidManifest.xml:28:13-30:36
102                android:name="photopicker_activity:0:required"
102-->[:image_picker_android] AndroidManifest.xml:29:17-63
103                android:value="" />
103-->[:image_picker_android] AndroidManifest.xml:30:17-33
104        </service>
105        <!--
106           Declares a provider which allows us to store files to share in
107           '.../caches/share_plus' and grant the receiving action access
108        -->
109        <provider
109-->[:share_plus] AndroidManifest.xml:13:9-21:20
110            android:name="dev.fluttercommunity.plus.share.ShareFileProvider"
110-->[:share_plus] AndroidManifest.xml:14:13-77
111            android:authorities="com.example.therapsy_edit_excel_poc.flutter.share_provider"
111-->[:share_plus] AndroidManifest.xml:15:13-74
112            android:exported="false"
112-->[:share_plus] AndroidManifest.xml:16:13-37
113            android:grantUriPermissions="true" >
113-->[:share_plus] AndroidManifest.xml:17:13-47
114            <meta-data
114-->[:image_picker_android] AndroidManifest.xml:14:13-16:75
115                android:name="android.support.FILE_PROVIDER_PATHS"
115-->[:image_picker_android] AndroidManifest.xml:15:17-67
116                android:resource="@xml/flutter_share_file_paths" />
116-->[:image_picker_android] AndroidManifest.xml:16:17-72
117        </provider>
118        <!--
119           This manifest declared broadcast receiver allows us to use an explicit
120           Intent when creating a PendingItent to be informed of the user's choice
121        -->
122        <receiver
122-->[:share_plus] AndroidManifest.xml:26:9-32:20
123            android:name="dev.fluttercommunity.plus.share.SharePlusPendingIntent"
123-->[:share_plus] AndroidManifest.xml:27:13-82
124            android:exported="false" >
124-->[:share_plus] AndroidManifest.xml:28:13-37
125            <intent-filter>
125-->[:share_plus] AndroidManifest.xml:29:13-31:29
126                <action android:name="EXTRA_CHOSEN_COMPONENT" />
126-->[:share_plus] AndroidManifest.xml:30:17-65
126-->[:share_plus] AndroidManifest.xml:30:25-62
127            </intent-filter>
128        </receiver>
129
130        <provider
130-->[androidx.lifecycle:lifecycle-process:2.7.0] AndroidManifest.xml:24:9-32:20
131            android:name="androidx.startup.InitializationProvider"
131-->[androidx.lifecycle:lifecycle-process:2.7.0] AndroidManifest.xml:25:13-67
132            android:authorities="com.example.therapsy_edit_excel_poc.androidx-startup"
132-->[androidx.lifecycle:lifecycle-process:2.7.0] AndroidManifest.xml:26:13-68
133            android:exported="false" >
133-->[androidx.lifecycle:lifecycle-process:2.7.0] AndroidManifest.xml:27:13-37
134            <meta-data
134-->[androidx.lifecycle:lifecycle-process:2.7.0] AndroidManifest.xml:29:13-31:52
135                android:name="androidx.lifecycle.ProcessLifecycleInitializer"
135-->[androidx.lifecycle:lifecycle-process:2.7.0] AndroidManifest.xml:30:17-78
136                android:value="androidx.startup" />
136-->[androidx.lifecycle:lifecycle-process:2.7.0] AndroidManifest.xml:31:17-49
137            <meta-data
137-->[androidx.profileinstaller:profileinstaller:1.3.1] AndroidManifest.xml:29:13-31:52
138                android:name="androidx.profileinstaller.ProfileInstallerInitializer"
138-->[androidx.profileinstaller:profileinstaller:1.3.1] AndroidManifest.xml:30:17-85
139                android:value="androidx.startup" />
139-->[androidx.profileinstaller:profileinstaller:1.3.1] AndroidManifest.xml:31:17-49
140        </provider>
141
142        <uses-library
142-->[androidx.window:window:1.2.0] AndroidManifest.xml:23:9-25:40
143            android:name="androidx.window.extensions"
143-->[androidx.window:window:1.2.0] AndroidManifest.xml:24:13-54
144            android:required="false" />
144-->[androidx.window:window:1.2.0] AndroidManifest.xml:25:13-37
145        <uses-library
145-->[androidx.window:window:1.2.0] AndroidManifest.xml:26:9-28:40
146            android:name="androidx.window.sidecar"
146-->[androidx.window:window:1.2.0] AndroidManifest.xml:27:13-51
147            android:required="false" />
147-->[androidx.window:window:1.2.0] AndroidManifest.xml:28:13-37
148
149        <receiver
149-->[androidx.profileinstaller:profileinstaller:1.3.1] AndroidManifest.xml:34:9-52:20
150            android:name="androidx.profileinstaller.ProfileInstallReceiver"
150-->[androidx.profileinstaller:profileinstaller:1.3.1] AndroidManifest.xml:35:13-76
151            android:directBootAware="false"
151-->[androidx.profileinstaller:profileinstaller:1.3.1] AndroidManifest.xml:36:13-44
152            android:enabled="true"
152-->[androidx.profileinstaller:profileinstaller:1.3.1] AndroidManifest.xml:37:13-35
153            android:exported="true"
153-->[androidx.profileinstaller:profileinstaller:1.3.1] AndroidManifest.xml:38:13-36
154            android:permission="android.permission.DUMP" >
154-->[androidx.profileinstaller:profileinstaller:1.3.1] AndroidManifest.xml:39:13-57
155            <intent-filter>
155-->[androidx.profileinstaller:profileinstaller:1.3.1] AndroidManifest.xml:40:13-42:29
156                <action android:name="androidx.profileinstaller.action.INSTALL_PROFILE" />
156-->[androidx.profileinstaller:profileinstaller:1.3.1] AndroidManifest.xml:41:17-91
156-->[androidx.profileinstaller:profileinstaller:1.3.1] AndroidManifest.xml:41:25-88
157            </intent-filter>
158            <intent-filter>
158-->[androidx.profileinstaller:profileinstaller:1.3.1] AndroidManifest.xml:43:13-45:29
159                <action android:name="androidx.profileinstaller.action.SKIP_FILE" />
159-->[androidx.profileinstaller:profileinstaller:1.3.1] AndroidManifest.xml:44:17-85
159-->[androidx.profileinstaller:profileinstaller:1.3.1] AndroidManifest.xml:44:25-82
160            </intent-filter>
161            <intent-filter>
161-->[androidx.profileinstaller:profileinstaller:1.3.1] AndroidManifest.xml:46:13-48:29
162                <action android:name="androidx.profileinstaller.action.SAVE_PROFILE" />
162-->[androidx.profileinstaller:profileinstaller:1.3.1] AndroidManifest.xml:47:17-88
162-->[androidx.profileinstaller:profileinstaller:1.3.1] AndroidManifest.xml:47:25-85
163            </intent-filter>
164            <intent-filter>
164-->[androidx.profileinstaller:profileinstaller:1.3.1] AndroidManifest.xml:49:13-51:29
165                <action android:name="androidx.profileinstaller.action.BENCHMARK_OPERATION" />
165-->[androidx.profileinstaller:profileinstaller:1.3.1] AndroidManifest.xml:50:17-95
165-->[androidx.profileinstaller:profileinstaller:1.3.1] AndroidManifest.xml:50:25-92
166            </intent-filter>
167        </receiver>
168    </application>
169
170</manifest>